     1 00000000                                 [FORMAT "WCOFF"]
     2 00000000                                 [INSTRSET "i486p"]
     3 00000000                                 [OPTIMIZE 1]
     4 00000000                                 [OPTION 1]
     5 00000000                                 [BITS 32]
     6 00000000                                 	EXTERN	_api_putchar
     7 00000000                                 	EXTERN	_api_end
     8 00000000                                 [FILE "ver.c"]
     9                                          [SECTION .text]
    10 00000000                                 	GLOBAL	_HariMain
    11 00000000                                 _HariMain:
    12 00000000 55                              	PUSH	EBP
    13 00000001 89 E5                           	MOV	EBP,ESP
    14 00000003 6A 57                           	PUSH	87
    15 00000005 E8 [00000000]                   	CALL	_api_putchar
    16 0000000A 6A 6F                           	PUSH	111
    17 0000000C E8 [00000000]                   	CALL	_api_putchar
    18 00000011 6A 6E                           	PUSH	110
    19 00000013 E8 [00000000]                   	CALL	_api_putchar
    20 00000018 6A 64                           	PUSH	100
    21 0000001A E8 [00000000]                   	CALL	_api_putchar
    22 0000001F 6A 65                           	PUSH	101
    23 00000021 E8 [00000000]                   	CALL	_api_putchar
    24 00000026 6A 72                           	PUSH	114
    25 00000028 E8 [00000000]                   	CALL	_api_putchar
    26 0000002D 6A 66                           	PUSH	102
    27 0000002F E8 [00000000]                   	CALL	_api_putchar
    28 00000034 6A 75                           	PUSH	117
    29 00000036 E8 [00000000]                   	CALL	_api_putchar
    30 0000003B 83 C4 20                        	ADD	ESP,32
    31 0000003E 6A 6C                           	PUSH	108
    32 00000040 E8 [00000000]                   	CALL	_api_putchar
    33 00000045 6A 20                           	PUSH	32
    34 00000047 E8 [00000000]                   	CALL	_api_putchar
    35 0000004C 6A 4F                           	PUSH	79
    36 0000004E E8 [00000000]                   	CALL	_api_putchar
    37 00000053 6A 53                           	PUSH	83
    38 00000055 E8 [00000000]                   	CALL	_api_putchar
    39 0000005A 6A 20                           	PUSH	32
    40 0000005C E8 [00000000]                   	CALL	_api_putchar
    41 00000061 6A 42                           	PUSH	66
    42 00000063 E8 [00000000]                   	CALL	_api_putchar
    43 00000068 6A 65                           	PUSH	101
    44 0000006A E8 [00000000]                   	CALL	_api_putchar
    45 0000006F 6A 74                           	PUSH	116
    46 00000071 E8 [00000000]                   	CALL	_api_putchar
    47 00000076 83 C4 20                        	ADD	ESP,32
    48 00000079 6A 61                           	PUSH	97
    49 0000007B E8 [00000000]                   	CALL	_api_putchar
    50 00000080 6A 20                           	PUSH	32
    51 00000082 E8 [00000000]                   	CALL	_api_putchar
    52 00000087 6A 4B                           	PUSH	75
    53 00000089 E8 [00000000]                   	CALL	_api_putchar
    54 0000008E 6A 42                           	PUSH	66
    55 00000090 E8 [00000000]                   	CALL	_api_putchar
    56 00000095 6A 30                           	PUSH	48
    57 00000097 E8 [00000000]                   	CALL	_api_putchar
    58 0000009C 6A 30                           	PUSH	48
    59 0000009E E8 [00000000]                   	CALL	_api_putchar
    60 000000A3 6A 30                           	PUSH	48
    61 000000A5 E8 [00000000]                   	CALL	_api_putchar
    62 000000AA 6A 31                           	PUSH	49
    63 000000AC E8 [00000000]                   	CALL	_api_putchar
    64 000000B1 83 C4 20                        	ADD	ESP,32
    65 000000B4 C9                              	LEAVE
    66 000000B5 E9 [00000000]                   	JMP	_api_end
